<?xml version="1.0" encoding="UTF-8"?>
<testng-results ignored="0" total="1" passed="1" failed="0" skipped="0">
  <reporter-output>
  </reporter-output>
  <suite started-at="2024-08-06T16:12:36 IST" name="Default suite" finished-at="2024-08-06T16:12:37 IST" duration-ms="927">
    <groups>
    </groups>
    <test started-at="2024-08-06T16:12:36 IST" name="Default test" finished-at="2024-08-06T16:12:37 IST" duration-ms="927">
      <class name="day2_WaysToToCreatePostRequestBody.JSONObject_ToCreatePostRequestBody">
        <test-method signature="testDelete()[pri:1, instance:day2_WaysToToCreatePostRequestBody.JSONObject_ToCreatePostRequestBody@550dbc7a]" started-at="2024-08-06T16:12:36 IST" name="testDelete" finished-at="2024-08-06T16:12:37 IST" duration-ms="900" status="PASS">
          <reporter-output>
          </reporter-output>
        </test-method> <!-- testDelete -->
      </class> <!-- day2_WaysToToCreatePostRequestBody.JSONObject_ToCreatePostRequestBody -->
    </test> <!-- Default test -->
  </suite> <!-- Default suite -->
</testng-results>
