<?xml version="1.0" encoding="UTF-8"?>
<testng-results ignored="0" total="1" passed="1" failed="0" skipped="0">
  <reporter-output>
  </reporter-output>
  <suite started-at="2024-08-22T20:56:35 IST" name="Default suite" finished-at="2024-08-22T20:56:36 IST" duration-ms="1207">
    <groups>
    </groups>
    <test started-at="2024-08-22T20:56:35 IST" name="Default test" finished-at="2024-08-22T20:56:36 IST" duration-ms="1207">
      <class name="stringCodes.statiCdeo2">
        <test-method signature="testAPI()[pri:0, instance:stringCodes.statiCdeo2@36916eb0]" started-at="2024-08-22T20:56:35 IST" name="testAPI" finished-at="2024-08-22T20:56:36 IST" duration-ms="1177" status="PASS">
          <reporter-output>
          </reporter-output>
        </test-method> <!-- testAPI -->
      </class> <!-- stringCodes.statiCdeo2 -->
    </test> <!-- Default test -->
  </suite> <!-- Default suite -->
</testng-results>
