<?xml version="1.0" encoding="UTF-8"?>
<testng-results ignored="0" total="4" passed="4" failed="0" skipped="0">
  <reporter-output>
  </reporter-output>
  <suite started-at="2024-04-28T10:32:30 IST" name="Default suite" finished-at="2024-04-28T10:32:38 IST" duration-ms="7496">
    <groups>
    </groups>
    <test started-at="2024-04-28T10:32:30 IST" name="Default test" finished-at="2024-04-28T10:32:38 IST" duration-ms="7496">
      <class name="api.test.UserTest">
        <test-method is-config="true" signature="setupData()[pri:0, instance:api.test.UserTest@1a942c18]" started-at="2024-04-28T10:32:30 IST" name="setupData" finished-at="2024-04-28T10:32:31 IST" duration-ms="562" status="PASS">
          <reporter-output>
          </reporter-output>
        </test-method> <!-- setupData -->
        <test-method signature="testPostUser()[pri:1, instance:api.test.UserTest@1a942c18]" started-at="2024-04-28T10:32:31 IST" name="testPostUser" finished-at="2024-04-28T10:32:33 IST" duration-ms="2417" status="PASS">
          <reporter-output>
          </reporter-output>
        </test-method> <!-- testPostUser -->
        <test-method signature="testGetUser()[pri:2, instance:api.test.UserTest@1a942c18]" started-at="2024-04-28T10:32:33 IST" name="testGetUser" finished-at="2024-04-28T10:32:34 IST" duration-ms="1149" status="PASS">
          <reporter-output>
          </reporter-output>
        </test-method> <!-- testGetUser -->
        <test-method signature="testUpdateUser()[pri:3, instance:api.test.UserTest@1a942c18]" started-at="2024-04-28T10:32:34 IST" name="testUpdateUser" finished-at="2024-04-28T10:32:37 IST" duration-ms="2235" status="PASS">
          <reporter-output>
          </reporter-output>
        </test-method> <!-- testUpdateUser -->
        <test-method signature="testDeleteUser()[pri:4, instance:api.test.UserTest@1a942c18]" started-at="2024-04-28T10:32:37 IST" name="testDeleteUser" finished-at="2024-04-28T10:32:38 IST" duration-ms="1096" status="PASS">
          <reporter-output>
          </reporter-output>
        </test-method> <!-- testDeleteUser -->
      </class> <!-- api.test.UserTest -->
    </test> <!-- Default test -->
  </suite> <!-- Default suite -->
</testng-results>
