<?xml version="1.0" encoding="UTF-8"?>
<testng-results ignored="0" total="4" passed="4" failed="0" skipped="0">
  <reporter-output>
  </reporter-output>
  <suite started-at="2024-04-18T17:42:34 IST" name="PetSuite" finished-at="2024-04-18T17:42:41 IST" duration-ms="6966">
    <groups>
    </groups>
    <test started-at="2024-04-18T17:42:34 IST" name="PetTest" finished-at="2024-04-18T17:42:41 IST" duration-ms="6966">
      <class name="api.test.UserTest2">
        <test-method is-config="true" signature="setupData()[pri:0, instance:api.test.UserTest2@708f5957]" started-at="2024-04-18T17:42:34 IST" name="setupData" finished-at="2024-04-18T17:42:35 IST" duration-ms="422" status="PASS">
          <reporter-output>
          </reporter-output>
        </test-method> <!-- setupData -->
        <test-method signature="testPostUser()[pri:1, instance:api.test.UserTest2@708f5957]" started-at="2024-04-18T17:42:35 IST" name="testPostUser" finished-at="2024-04-18T17:42:37 IST" duration-ms="2165" status="PASS">
          <reporter-output>
          </reporter-output>
        </test-method> <!-- testPostUser -->
        <test-method signature="testGetUser()[pri:2, instance:api.test.UserTest2@708f5957]" started-at="2024-04-18T17:42:37 IST" name="testGetUser" finished-at="2024-04-18T17:42:38 IST" duration-ms="1083" status="PASS">
          <reporter-output>
          </reporter-output>
        </test-method> <!-- testGetUser -->
        <test-method signature="testUpdateUser()[pri:3, instance:api.test.UserTest2@708f5957]" started-at="2024-04-18T17:42:38 IST" name="testUpdateUser" finished-at="2024-04-18T17:42:40 IST" duration-ms="2079" status="PASS">
          <reporter-output>
          </reporter-output>
        </test-method> <!-- testUpdateUser -->
        <test-method signature="testDeleteUser()[pri:4, instance:api.test.UserTest2@708f5957]" started-at="2024-04-18T17:42:40 IST" name="testDeleteUser" finished-at="2024-04-18T17:42:41 IST" duration-ms="1053" status="PASS">
          <reporter-output>
          </reporter-output>
        </test-method> <!-- testDeleteUser -->
      </class> <!-- api.test.UserTest2 -->
    </test> <!-- PetTest -->
  </suite> <!-- PetSuite -->
</testng-results>
