<?xml version="1.0" encoding="UTF-8"?>
<!-- Generated by org.testng.reporters.JUnitXMLReporter -->
<testsuite ignored="0" hostname="MAVPUN1121205" failures="0" tests="4" name="PetTest" time="6.966" errors="0" timestamp="2024-04-18T17:42:41 IST">
  <testcase classname="api.test.UserTest2" name="testPostUser" time="2.165"/>
  <testcase classname="api.test.UserTest2" name="testGetUser" time="1.083"/>
  <testcase classname="api.test.UserTest2" name="testUpdateUser" time="2.079"/>
  <testcase classname="api.test.UserTest2" name="testDeleteUser" time="1.053"/>
</testsuite> <!-- PetTest -->
