<?xml version="1.0" encoding="UTF-8"?>
<!-- Generated by org.testng.reporters.JUnitXMLReporter -->
<testsuite ignored="0" hostname="MAVPUN1121205" failures="0" tests="6" name="tentNG" time="4.995" errors="0" timestamp="2024-04-28T15:12:37 IST">
  <testcase classname="practice.Chaininig" name="APIKey" time="2.235"/>
  <testcase classname="practice.Chaininig" name="BearerTokenAuth" time="0.429"/>
  <testcase classname="practice.Chaininig" name="OAuth_2" time="0.461"/>
  <testcase classname="practice.Chaininig" name="basicAuthentication" time="0.716"/>
  <testcase classname="practice.Chaininig" name="digestAuth" time="0.666"/>
  <testcase classname="practice.Chaininig" name="preemtiveAuthentication" time="0.447"/>
</testsuite> <!-- tentNG -->
