<?xml version="1.0" encoding="UTF-8"?>
<testng-results ignored="0" total="1" passed="1" failed="0" skipped="0">
  <reporter-output>
  </reporter-output>
  <suite started-at="2024-08-21T15:55:27 IST" name="Default suite" finished-at="2024-08-21T15:55:27 IST" duration-ms="221">
    <groups>
    </groups>
    <test started-at="2024-08-21T15:55:27 IST" name="Default test" finished-at="2024-08-21T15:55:27 IST" duration-ms="221">
      <class name="sessionPart3.session20to29.Session24_IgnoreEmptyNullandDefaultValuesInPayload2">
        <test-method signature="createUser()[pri:0, instance:sessionPart3.session20to29.Session24_IgnoreEmptyNullandDefaultValuesInPayload2@59505b48]" started-at="2024-08-21T15:55:27 IST" name="createUser" finished-at="2024-08-21T15:55:27 IST" duration-ms="191" status="PASS">
          <reporter-output>
          </reporter-output>
        </test-method> <!-- createUser -->
      </class> <!-- sessionPart3.session20to29.Session24_IgnoreEmptyNullandDefaultValuesInPayload2 -->
    </test> <!-- Default test -->
  </suite> <!-- Default suite -->
</testng-results>
