<?xml version="1.0" encoding="UTF-8"?>
<!-- Generated by org.testng.reporters.JUnitXMLReporter -->
<testsuite ignored="0" hostname="MAVPUN1121205" failures="0" tests="4" name="PetTest" time="6.853" errors="0" timestamp="2024-04-18T17:34:09 IST">
  <testcase classname="api.test.UserTest2" name="testPostUser" time="2.059"/>
  <testcase classname="api.test.UserTest2" name="testGetUser" time="1.066"/>
  <testcase classname="api.test.UserTest2" name="testUpdateUser" time="2.115"/>
  <testcase classname="api.test.UserTest2" name="testDeleteUser" time="1.028"/>
</testsuite> <!-- PetTest -->
