<?xml version="1.0" encoding="UTF-8"?>
<!-- Generated by org.testng.reporters.JUnitXMLReporter -->
<testsuite ignored="0" hostname="MAVPUN1121205" failures="0" tests="4" name="Default test" time="7.496" errors="0" timestamp="2024-04-28T10:32:38 IST">
  <testcase classname="api.test.UserTest" name="testPostUser" time="2.417"/>
  <testcase classname="api.test.UserTest" name="testGetUser" time="1.149"/>
  <testcase classname="api.test.UserTest" name="testUpdateUser" time="2.235"/>
  <testcase classname="api.test.UserTest" name="testDeleteUser" time="1.096"/>
</testsuite> <!-- Default test -->
